<?xml version="1.0" encoding="UTF-8"?>
<!-- Generated by org.testng.reporters.JUnitReportReporter -->
<testsuite skipped="0" hostname="DESKTOP-GK61F68" name="com.restassuredframework.requests.GetAllProject" tests="1" failures="0" timestamp="2021-11-16T20:56:18 IST" time="4.086" errors="0">
  <testcase name="getAllProjectTest" time="4.086" classname="com.restassuredframework.requests.GetAllProject"/>
  <system-out/>
</testsuite> <!-- com.restassuredframework.requests.GetAllProject -->
